0 info it worked if it ends with ok
1 verbose cli [ 'node', '/usr/local/bin/npm', 'shrinkwrap' ]
2 info using npm@2.5.0
3 info using node@v0.12.0
4 verbose node symlink /usr/local/bin/node
5 warn unmet dependency /Users/falkh/code/mechanoid/timerevel/node_modules/gulp-watch/node_modules/chokidar/node_modules/readdirp requires readable-stream@'~1.0.26-2' but will load
5 warn unmet dependency /Users/falkh/code/mechanoid/timerevel/node_modules/gulp-watch/node_modules/readable-stream,
5 warn unmet dependency which is version 1.1.13
6 verbose stack Error: Problems were encountered
6 verbose stack Please correct and try again.
6 verbose stack invalid: readable-stream@1.1.13 /Users/falkh/code/mechanoid/timerevel/node_modules/gulp-watch/node_modules/readable-stream
6 verbose stack     at shrinkwrap_ (/usr/local/lib/node_modules/npm/lib/shrinkwrap.js:31:15)
6 verbose stack     at /usr/local/lib/node_modules/npm/lib/shrinkwrap.js:25:5
6 verbose stack     at /usr/local/lib/node_modules/npm/lib/ls.js:46:30
6 verbose stack     at /usr/local/lib/node_modules/npm/node_modules/read-installed/read-installed.js:138:5
6 verbose stack     at /usr/local/lib/node_modules/npm/node_modules/read-installed/read-installed.js:251:14
6 verbose stack     at cb (/usr/local/lib/node_modules/npm/node_modules/slide/lib/async-map.js:47:24)
6 verbose stack     at /usr/local/lib/node_modules/npm/node_modules/read-installed/read-installed.js:251:14
6 verbose stack     at cb (/usr/local/lib/node_modules/npm/node_modules/slide/lib/async-map.js:47:24)
6 verbose stack     at /usr/local/lib/node_modules/npm/node_modules/read-installed/read-installed.js:251:14
6 verbose stack     at cb (/usr/local/lib/node_modules/npm/node_modules/slide/lib/async-map.js:47:24)
7 verbose cwd /Users/falkh/code/mechanoid/timerevel
8 error Darwin 14.1.0
9 error argv "node" "/usr/local/bin/npm" "shrinkwrap"
10 error node v0.12.0
11 error npm  v2.5.0
12 error Problems were encountered
12 error Please correct and try again.
12 error invalid: readable-stream@1.1.13 /Users/falkh/code/mechanoid/timerevel/node_modules/gulp-watch/node_modules/readable-stream
13 error If you need help, you may report this error at:
13 error     <http://github.com/npm/npm/issues>
14 verbose exit [ 1, true ]
